2025-09-20 19:25:32,539 [Worker-7: Loading available Gradle versions] INFO  o.e.b.c.i.u.g.PublishedGradleVersions - Gradle version information cache is not available. Remote download required.
2025-09-20 19:27:32,297 [Worker-7: Importing Maven projects] INFO  o.e.m.c.i.l.LifecycleMappingFactory - Using org.maven.ide.eclipse.wtp.WarLifecycleMapping lifecycle mapping for MavenProject: klef.sdp:admin_service:0.0.1-SNAPSHOT @ C:\Users\dumpa\OneDrive\Desktop\PROJECTS\feedback\JFSD_BackendDeployment-main\JFSD_BackendDeployment-main\admin_service\pom.xml.
2025-09-20 19:27:37,198 [Worker-7: Importing Maven projects] INFO  o.e.m.c.i.l.LifecycleMappingFactory - Using org.maven.ide.eclipse.wtp.WarLifecycleMapping lifecycle mapping for MavenProject: klef.sdp:course_service:0.0.1-SNAPSHOT @ C:\Users\dumpa\OneDrive\Desktop\PROJECTS\feedback\JFSD_BackendDeployment-main\JFSD_BackendDeployment-main\course_service\pom.xml.
2025-09-20 19:27:39,735 [Worker-7: Importing Maven projects] INFO  o.e.m.c.i.l.LifecycleMappingFactory - Using org.maven.ide.eclipse.wtp.WarLifecycleMapping lifecycle mapping for MavenProject: klef.sdp:faculty_service:0.0.1-SNAPSHOT @ C:\Users\dumpa\OneDrive\Desktop\PROJECTS\feedback\JFSD_BackendDeployment-main\JFSD_BackendDeployment-main\faculty_service\pom.xml.
2025-09-20 19:27:41,427 [Worker-7: Importing Maven projects] INFO  o.e.m.c.i.l.LifecycleMappingFactory - Using org.maven.ide.eclipse.wtp.WarLifecycleMapping lifecycle mapping for MavenProject: klef.sdp:sc_feedback_service:0.0.1-SNAPSHOT @ C:\Users\dumpa\OneDrive\Desktop\PROJECTS\feedback\JFSD_BackendDeployment-main\JFSD_BackendDeployment-main\sc_feedback_service\pom.xml.
2025-09-20 19:27:41,599 [Worker-7: Importing Maven projects] INFO  o.e.m.c.i.p.WorkspaceClassifierResolverManager - Resolving P/student_service: klef.sdp:student_service:0.0.1-SNAPSHOT with classifier  to /student_service/target/classes
2025-09-20 19:27:41,600 [Worker-7: Importing Maven projects] INFO  o.e.m.c.i.p.WorkspaceClassifierResolverManager - Resolving P/course_service: klef.sdp:course_service:0.0.1-SNAPSHOT with classifier  to /course_service/target/classes
2025-09-20 19:27:41,785 [Worker-7: Importing Maven projects] INFO  o.e.m.c.i.l.LifecycleMappingFactory - Using org.maven.ide.eclipse.wtp.WarLifecycleMapping lifecycle mapping for MavenProject: klef.sdp:sf_feedback_service:0.0.1-SNAPSHOT @ C:\Users\dumpa\OneDrive\Desktop\PROJECTS\feedback\JFSD_BackendDeployment-main\JFSD_BackendDeployment-main\sf_feedback_service\pom.xml.
2025-09-20 19:27:41,801 [Worker-7: Importing Maven projects] INFO  o.e.m.c.i.p.WorkspaceClassifierResolverManager - Resolving P/student_service: klef.sdp:student_service:0.0.1-SNAPSHOT with classifier  to /student_service/target/classes
2025-09-20 19:27:41,801 [Worker-7: Importing Maven projects] INFO  o.e.m.c.i.p.WorkspaceClassifierResolverManager - Resolving P/faculty_service: klef.sdp:faculty_service:0.0.1-SNAPSHOT with classifier  to /faculty_service/target/classes
2025-09-20 19:27:42,280 [Worker-7: Importing Maven projects] INFO  o.e.m.c.i.l.LifecycleMappingFactory - Using org.eclipse.m2e.jdt.JarLifecycleMapping lifecycle mapping for MavenProject: klef.sdp:student_service:0.0.1-SNAPSHOT @ C:\Users\dumpa\OneDrive\Desktop\PROJECTS\feedback\JFSD_BackendDeployment-main\JFSD_BackendDeployment-main\student_service\pom.xml.
2025-09-20 19:27:42,462 [Worker-7: Importing Maven projects] INFO  o.e.m.c.i.l.LifecycleMappingFactory - Using org.maven.ide.eclipse.wtp.WarLifecycleMapping lifecycle mapping for MavenProject: klef.sdp:sc_feedback_service:0.0.1-SNAPSHOT @ C:\Users\dumpa\OneDrive\Desktop\PROJECTS\feedback\JFSD_BackendDeployment-main\JFSD_BackendDeployment-main\sc_feedback_service\pom.xml.
2025-09-20 19:27:42,471 [Worker-7: Importing Maven projects] INFO  o.e.m.c.i.p.WorkspaceClassifierResolverManager - Resolving P/student_service: klef.sdp:student_service:0.0.1-SNAPSHOT with classifier  to /student_service/target/classes
2025-09-20 19:27:42,472 [Worker-7: Importing Maven projects] INFO  o.e.m.c.i.p.WorkspaceClassifierResolverManager - Resolving P/course_service: klef.sdp:course_service:0.0.1-SNAPSHOT with classifier  to /course_service/target/classes
2025-09-20 19:27:42,653 [Worker-7: Importing Maven projects] INFO  o.e.m.c.i.l.LifecycleMappingFactory - Using org.maven.ide.eclipse.wtp.WarLifecycleMapping lifecycle mapping for MavenProject: klef.sdp:sf_feedback_service:0.0.1-SNAPSHOT @ C:\Users\dumpa\OneDrive\Desktop\PROJECTS\feedback\JFSD_BackendDeployment-main\JFSD_BackendDeployment-main\sf_feedback_service\pom.xml.
2025-09-20 19:27:42,661 [Worker-7: Importing Maven projects] INFO  o.e.m.c.i.p.WorkspaceClassifierResolverManager - Resolving P/student_service: klef.sdp:student_service:0.0.1-SNAPSHOT with classifier  to /student_service/target/classes
2025-09-20 19:27:42,663 [Worker-7: Importing Maven projects] INFO  o.e.m.c.i.p.WorkspaceClassifierResolverManager - Resolving P/faculty_service: klef.sdp:faculty_service:0.0.1-SNAPSHOT with classifier  to /faculty_service/target/classes
2025-09-20 19:27:51,753 [Worker-7: Importing Maven projects] INFO  o.e.m.j.i.AbstractJavaProjectConfigurator - Adding source folder /course_service/src/main/java
2025-09-20 19:27:51,758 [Worker-7: Importing Maven projects] INFO  o.e.m.j.i.AbstractJavaProjectConfigurator - Adding resource folder /course_service/src/main/resources
2025-09-20 19:27:51,783 [Worker-7: Importing Maven projects] INFO  o.e.m.j.i.AbstractJavaProjectConfigurator - Adding resource folder /course_service/src/main/resources
2025-09-20 19:27:51,803 [Worker-7: Importing Maven projects] INFO  o.e.m.j.i.AbstractJavaProjectConfigurator - Adding source folder /course_service/src/test/java
2025-09-20 19:27:51,806 [Worker-7: Importing Maven projects] INFO  o.e.m.j.i.AbstractJavaProjectConfigurator - Adding resource folder /course_service/src/test/resources
2025-09-20 19:28:06,007 [Worker-7: Importing Maven projects] INFO  o.e.m.j.i.AbstractJavaProjectConfigurator - Adding source folder /student_service/src/main/java
2025-09-20 19:28:06,009 [Worker-7: Importing Maven projects] INFO  o.e.m.j.i.AbstractJavaProjectConfigurator - Adding resource folder /student_service/src/main/resources
2025-09-20 19:28:06,017 [Worker-7: Importing Maven projects] INFO  o.e.m.j.i.AbstractJavaProjectConfigurator - Adding resource folder /student_service/src/main/resources
2025-09-20 19:28:06,026 [Worker-7: Importing Maven projects] INFO  o.e.m.j.i.AbstractJavaProjectConfigurator - Adding source folder /student_service/src/test/java
2025-09-20 19:28:06,029 [Worker-7: Importing Maven projects] INFO  o.e.m.j.i.AbstractJavaProjectConfigurator - Adding resource folder /student_service/src/test/resources
2025-09-20 19:28:09,964 [Worker-7: Importing Maven projects] INFO  o.e.m.j.i.AbstractJavaProjectConfigurator - Adding source folder /faculty_service/src/main/java
2025-09-20 19:28:09,966 [Worker-7: Importing Maven projects] INFO  o.e.m.j.i.AbstractJavaProjectConfigurator - Adding resource folder /faculty_service/src/main/resources
2025-09-20 19:28:09,975 [Worker-7: Importing Maven projects] INFO  o.e.m.j.i.AbstractJavaProjectConfigurator - Adding resource folder /faculty_service/src/main/resources
2025-09-20 19:28:09,983 [Worker-7: Importing Maven projects] INFO  o.e.m.j.i.AbstractJavaProjectConfigurator - Adding source folder /faculty_service/src/test/java
2025-09-20 19:28:09,985 [Worker-7: Importing Maven projects] INFO  o.e.m.j.i.AbstractJavaProjectConfigurator - Adding resource folder /faculty_service/src/test/resources
2025-09-20 19:28:13,264 [Worker-7: Importing Maven projects] INFO  o.e.m.j.i.AbstractJavaProjectConfigurator - Adding source folder /sf_feedback_service/src/main/java
2025-09-20 19:28:13,265 [Worker-7: Importing Maven projects] INFO  o.e.m.j.i.AbstractJavaProjectConfigurator - Adding resource folder /sf_feedback_service/src/main/resources
2025-09-20 19:28:13,274 [Worker-7: Importing Maven projects] INFO  o.e.m.j.i.AbstractJavaProjectConfigurator - Adding resource folder /sf_feedback_service/src/main/resources
2025-09-20 19:28:13,280 [Worker-7: Importing Maven projects] INFO  o.e.m.j.i.AbstractJavaProjectConfigurator - Adding source folder /sf_feedback_service/src/test/java
2025-09-20 19:28:13,284 [Worker-7: Importing Maven projects] INFO  o.e.m.j.i.AbstractJavaProjectConfigurator - Adding resource folder /sf_feedback_service/src/test/resources
2025-09-20 19:28:20,776 [Worker-7: Importing Maven projects] INFO  o.e.m.c.i.p.WorkspaceClassifierResolverManager - Resolving P/student_service: klef.sdp:student_service:0.0.1-SNAPSHOT with classifier  to /student_service/target/classes
2025-09-20 19:28:20,777 [Worker-7: Importing Maven projects] INFO  o.e.m.c.i.p.WorkspaceClassifierResolverManager - Resolving P/faculty_service: klef.sdp:faculty_service:0.0.1-SNAPSHOT with classifier  to /faculty_service/target/classes
2025-09-20 19:28:21,075 [Worker-7: Importing Maven projects] INFO  o.e.m.j.i.AbstractJavaProjectConfigurator - Adding source folder /admin_service/src/main/java
2025-09-20 19:28:21,077 [Worker-7: Importing Maven projects] INFO  o.e.m.j.i.AbstractJavaProjectConfigurator - Adding resource folder /admin_service/src/main/resources
2025-09-20 19:28:21,086 [Worker-7: Importing Maven projects] INFO  o.e.m.j.i.AbstractJavaProjectConfigurator - Adding resource folder /admin_service/src/main/resources
2025-09-20 19:28:21,092 [Worker-7: Importing Maven projects] INFO  o.e.m.j.i.AbstractJavaProjectConfigurator - Adding source folder /admin_service/src/test/java
2025-09-20 19:28:21,095 [Worker-7: Importing Maven projects] INFO  o.e.m.j.i.AbstractJavaProjectConfigurator - Adding resource folder /admin_service/src/test/resources
2025-09-20 19:28:23,865 [Worker-7: Importing Maven projects] INFO  o.e.m.j.i.AbstractJavaProjectConfigurator - Adding source folder /sc_feedback_service/src/main/java
2025-09-20 19:28:23,868 [Worker-7: Importing Maven projects] INFO  o.e.m.j.i.AbstractJavaProjectConfigurator - Adding resource folder /sc_feedback_service/src/main/resources
2025-09-20 19:28:23,878 [Worker-7: Importing Maven projects] INFO  o.e.m.j.i.AbstractJavaProjectConfigurator - Adding resource folder /sc_feedback_service/src/main/resources
2025-09-20 19:28:23,885 [Worker-7: Importing Maven projects] INFO  o.e.m.j.i.AbstractJavaProjectConfigurator - Adding source folder /sc_feedback_service/src/test/java
2025-09-20 19:28:23,887 [Worker-7: Importing Maven projects] INFO  o.e.m.j.i.AbstractJavaProjectConfigurator - Adding resource folder /sc_feedback_service/src/test/resources
2025-09-20 19:28:25,766 [Worker-7: Importing Maven projects] INFO  o.e.m.c.i.p.WorkspaceClassifierResolverManager - Resolving P/student_service: klef.sdp:student_service:0.0.1-SNAPSHOT with classifier  to /student_service/target/classes
2025-09-20 19:28:25,766 [Worker-7: Importing Maven projects] INFO  o.e.m.c.i.p.WorkspaceClassifierResolverManager - Resolving P/course_service: klef.sdp:course_service:0.0.1-SNAPSHOT with classifier  to /course_service/target/classes
2025-09-20 19:28:25,874 [Worker-7: Importing Maven projects] INFO  o.e.m.c.i.p.ProjectConfigurationManager - Imported and configured 6 project(s) in 67 sec
2025-09-20 19:28:26,155 [Worker-10: Updating Maven Project] INFO  o.e.m.c.i.p.ProjectConfigurationManager - Update started
2025-09-20 19:28:27,779 [Worker-10: Updating Maven Project] INFO  o.e.m.c.i.l.LifecycleMappingFactory - Using org.maven.ide.eclipse.wtp.WarLifecycleMapping lifecycle mapping for MavenProject: klef.sdp:admin_service:0.0.1-SNAPSHOT @ C:\Users\dumpa\OneDrive\Desktop\PROJECTS\feedback\JFSD_BackendDeployment-main\JFSD_BackendDeployment-main\admin_service\pom.xml.
2025-09-20 19:28:28,539 [Worker-10: Updating Maven Project] INFO  o.e.m.c.i.l.LifecycleMappingFactory - Using org.maven.ide.eclipse.wtp.WarLifecycleMapping lifecycle mapping for MavenProject: klef.sdp:sc_feedback_service:0.0.1-SNAPSHOT @ C:\Users\dumpa\OneDrive\Desktop\PROJECTS\feedback\JFSD_BackendDeployment-main\JFSD_BackendDeployment-main\sc_feedback_service\pom.xml.
2025-09-20 19:28:28,776 [Worker-10: Updating Maven Project] INFO  o.e.m.c.i.p.WorkspaceClassifierResolverManager - Resolving P/student_service: klef.sdp:student_service:0.0.1-SNAPSHOT with classifier  to /student_service/target/classes
2025-09-20 19:28:28,776 [Worker-10: Updating Maven Project] INFO  o.e.m.c.i.p.WorkspaceClassifierResolverManager - Resolving P/course_service: klef.sdp:course_service:0.0.1-SNAPSHOT with classifier  to /course_service/target/classes
2025-09-20 19:28:30,434 [Worker-10: Updating Maven Project] INFO  o.e.m.j.i.AbstractJavaProjectConfigurator - Adding source folder /admin_service/src/main/java
2025-09-20 19:28:30,436 [Worker-10: Updating Maven Project] INFO  o.e.m.j.i.AbstractJavaProjectConfigurator - Adding resource folder /admin_service/src/main/resources
2025-09-20 19:28:30,438 [Worker-10: Updating Maven Project] INFO  o.e.m.j.i.AbstractJavaProjectConfigurator - Adding resource folder /admin_service/src/main/resources
2025-09-20 19:28:30,438 [Worker-10: Updating Maven Project] INFO  o.e.m.j.i.AbstractJavaProjectConfigurator - Adding source folder /admin_service/src/test/java
2025-09-20 19:28:30,440 [Worker-10: Updating Maven Project] INFO  o.e.m.j.i.AbstractJavaProjectConfigurator - Adding resource folder /admin_service/src/test/resources
2025-09-20 19:28:31,364 [Worker-10: Updating Maven Project] INFO  o.e.m.j.i.AbstractJavaProjectConfigurator - Adding source folder /sc_feedback_service/src/main/java
2025-09-20 19:28:31,367 [Worker-10: Updating Maven Project] INFO  o.e.m.j.i.AbstractJavaProjectConfigurator - Adding resource folder /sc_feedback_service/src/main/resources
2025-09-20 19:28:31,369 [Worker-10: Updating Maven Project] INFO  o.e.m.j.i.AbstractJavaProjectConfigurator - Adding resource folder /sc_feedback_service/src/main/resources
2025-09-20 19:28:31,369 [Worker-10: Updating Maven Project] INFO  o.e.m.j.i.AbstractJavaProjectConfigurator - Adding source folder /sc_feedback_service/src/test/java
2025-09-20 19:28:31,371 [Worker-10: Updating Maven Project] INFO  o.e.m.j.i.AbstractJavaProjectConfigurator - Adding resource folder /sc_feedback_service/src/test/resources
2025-09-20 19:28:33,391 [Worker-10: Updating Maven Project] INFO  o.e.m.w.i.f.ResourceFilteringBuildParticipant - Cleaning filtered folder for admin_service
2025-09-20 19:28:33,474 [Worker-10: Updating Maven Project] INFO  o.e.m.w.i.f.ResourceFilteringBuildParticipant - Cleaning filtered folder for sc_feedback_service
2025-09-20 19:28:33,510 [Worker-10: Updating Maven Project] INFO  o.e.m.c.i.p.ProjectConfigurationManager - Update completed for 2 poms: local refresh takes 0.00 sec, refresh facades takes 4.00 sec, update config takes 2.00 sec 
2025-09-20 19:28:33,521 [Worker-2: Updating Maven Project] INFO  o.e.m.c.i.p.ProjectConfigurationManager - Update started
2025-09-20 19:28:35,964 [Worker-2: Updating Maven Project] INFO  o.e.m.c.i.l.LifecycleMappingFactory - Using org.maven.ide.eclipse.wtp.WarLifecycleMapping lifecycle mapping for MavenProject: klef.sdp:course_service:0.0.1-SNAPSHOT @ C:\Users\dumpa\OneDrive\Desktop\PROJECTS\feedback\JFSD_BackendDeployment-main\JFSD_BackendDeployment-main\course_service\pom.xml.
2025-09-20 19:28:36,571 [Worker-2: Updating Maven Project] INFO  o.e.m.c.i.l.LifecycleMappingFactory - Using org.maven.ide.eclipse.wtp.WarLifecycleMapping lifecycle mapping for MavenProject: klef.sdp:faculty_service:0.0.1-SNAPSHOT @ C:\Users\dumpa\OneDrive\Desktop\PROJECTS\feedback\JFSD_BackendDeployment-main\JFSD_BackendDeployment-main\faculty_service\pom.xml.
2025-09-20 19:28:36,898 [Worker-2: Updating Maven Project] INFO  o.e.m.c.i.l.LifecycleMappingFactory - Using org.maven.ide.eclipse.wtp.WarLifecycleMapping lifecycle mapping for MavenProject: klef.sdp:sf_feedback_service:0.0.1-SNAPSHOT @ C:\Users\dumpa\OneDrive\Desktop\PROJECTS\feedback\JFSD_BackendDeployment-main\JFSD_BackendDeployment-main\sf_feedback_service\pom.xml.
2025-09-20 19:28:37,237 [Worker-2: Updating Maven Project] INFO  o.e.m.c.i.p.WorkspaceClassifierResolverManager - Resolving P/student_service: klef.sdp:student_service:0.0.1-SNAPSHOT with classifier  to /student_service/target/classes
2025-09-20 19:28:37,237 [Worker-2: Updating Maven Project] INFO  o.e.m.c.i.p.WorkspaceClassifierResolverManager - Resolving P/faculty_service: klef.sdp:faculty_service:0.0.1-SNAPSHOT with classifier  to /faculty_service/target/classes
2025-09-20 19:28:37,432 [Worker-2: Updating Maven Project] INFO  o.e.m.c.i.l.LifecycleMappingFactory - Using org.eclipse.m2e.jdt.JarLifecycleMapping lifecycle mapping for MavenProject: klef.sdp:student_service:0.0.1-SNAPSHOT @ C:\Users\dumpa\OneDrive\Desktop\PROJECTS\feedback\JFSD_BackendDeployment-main\JFSD_BackendDeployment-main\student_service\pom.xml.
2025-09-20 19:28:39,299 [Worker-2: Updating Maven Project] INFO  o.e.m.j.i.AbstractJavaProjectConfigurator - Adding source folder /course_service/src/main/java
2025-09-20 19:28:39,300 [Worker-2: Updating Maven Project] INFO  o.e.m.j.i.AbstractJavaProjectConfigurator - Adding resource folder /course_service/src/main/resources
2025-09-20 19:28:39,301 [Worker-2: Updating Maven Project] INFO  o.e.m.j.i.AbstractJavaProjectConfigurator - Adding resource folder /course_service/src/main/resources
2025-09-20 19:28:39,301 [Worker-2: Updating Maven Project] INFO  o.e.m.j.i.AbstractJavaProjectConfigurator - Adding source folder /course_service/src/test/java
2025-09-20 19:28:39,304 [Worker-2: Updating Maven Project] INFO  o.e.m.j.i.AbstractJavaProjectConfigurator - Adding resource folder /course_service/src/test/resources
2025-09-20 19:28:40,178 [Worker-2: Updating Maven Project] INFO  o.e.m.j.i.AbstractJavaProjectConfigurator - Adding source folder /faculty_service/src/main/java
2025-09-20 19:28:40,180 [Worker-2: Updating Maven Project] INFO  o.e.m.j.i.AbstractJavaProjectConfigurator - Adding resource folder /faculty_service/src/main/resources
2025-09-20 19:28:40,181 [Worker-2: Updating Maven Project] INFO  o.e.m.j.i.AbstractJavaProjectConfigurator - Adding resource folder /faculty_service/src/main/resources
2025-09-20 19:28:40,181 [Worker-2: Updating Maven Project] INFO  o.e.m.j.i.AbstractJavaProjectConfigurator - Adding source folder /faculty_service/src/test/java
2025-09-20 19:28:40,184 [Worker-2: Updating Maven Project] INFO  o.e.m.j.i.AbstractJavaProjectConfigurator - Adding resource folder /faculty_service/src/test/resources
2025-09-20 19:28:41,165 [Worker-2: Updating Maven Project] INFO  o.e.m.j.i.AbstractJavaProjectConfigurator - Adding source folder /sf_feedback_service/src/main/java
2025-09-20 19:28:41,166 [Worker-2: Updating Maven Project] INFO  o.e.m.j.i.AbstractJavaProjectConfigurator - Adding resource folder /sf_feedback_service/src/main/resources
2025-09-20 19:28:41,170 [Worker-2: Updating Maven Project] INFO  o.e.m.j.i.AbstractJavaProjectConfigurator - Adding resource folder /sf_feedback_service/src/main/resources
2025-09-20 19:28:41,170 [Worker-2: Updating Maven Project] INFO  o.e.m.j.i.AbstractJavaProjectConfigurator - Adding source folder /sf_feedback_service/src/test/java
2025-09-20 19:28:41,173 [Worker-2: Updating Maven Project] INFO  o.e.m.j.i.AbstractJavaProjectConfigurator - Adding resource folder /sf_feedback_service/src/test/resources
2025-09-20 19:28:42,218 [Worker-2: Updating Maven Project] INFO  o.e.m.j.i.AbstractJavaProjectConfigurator - Adding source folder /student_service/src/main/java
2025-09-20 19:28:42,219 [Worker-2: Updating Maven Project] INFO  o.e.m.j.i.AbstractJavaProjectConfigurator - Adding resource folder /student_service/src/main/resources
2025-09-20 19:28:42,220 [Worker-2: Updating Maven Project] INFO  o.e.m.j.i.AbstractJavaProjectConfigurator - Adding resource folder /student_service/src/main/resources
2025-09-20 19:28:42,221 [Worker-2: Updating Maven Project] INFO  o.e.m.j.i.AbstractJavaProjectConfigurator - Adding source folder /student_service/src/test/java
2025-09-20 19:28:42,223 [Worker-2: Updating Maven Project] INFO  o.e.m.j.i.AbstractJavaProjectConfigurator - Adding resource folder /student_service/src/test/resources
2025-09-20 19:28:42,948 [Worker-2: Updating Maven Project] INFO  o.e.m.w.i.f.ResourceFilteringBuildParticipant - Cleaning filtered folder for course_service
2025-09-20 19:28:42,994 [Worker-2: Updating Maven Project] INFO  o.e.m.w.i.f.ResourceFilteringBuildParticipant - Cleaning filtered folder for faculty_service
2025-09-20 19:28:43,037 [Worker-2: Updating Maven Project] INFO  o.e.m.w.i.f.ResourceFilteringBuildParticipant - Cleaning filtered folder for sf_feedback_service
2025-09-20 19:28:43,104 [Worker-2: Updating Maven Project] INFO  o.e.m.c.i.p.ProjectConfigurationManager - Update completed for 4 poms: local refresh takes 0.00 sec, refresh facades takes 5.00 sec, update config takes 3.00 sec 
2025-09-20 19:28:44,464 [Worker-9: Building] INFO  o.a.m.s.f.DefaultMavenResourcesFiltering - Copying 1 resource from src\main\resources to target\classes
2025-09-20 19:28:44,749 [Worker-9: Building] INFO  o.a.m.s.f.DefaultMavenResourcesFiltering - Copying 0 resource from src\main\resources to target\classes
2025-09-20 19:28:44,769 [Worker-9: Building] INFO  o.a.m.s.f.DefaultMavenResourcesFiltering - skip non existing resourceDirectory C:\Users\dumpa\OneDrive\Desktop\PROJECTS\feedback\JFSD_BackendDeployment-main\JFSD_BackendDeployment-main\admin_service\src\test\resources
2025-09-20 19:28:44,771 [Worker-9: Building] INFO  o.e.m.w.i.f.ResourceFilteringBuildParticipant - Changed resources require a complete clean of filtered resources of admin_service
2025-09-20 19:28:44,783 [Worker-9: Building] INFO  o.e.m.w.i.f.ResourceFilteringBuildParticipant - Executing resource filtering for admin_service
2025-09-20 19:28:47,263 [Worker-9: Building] INFO  o.a.m.s.f.DefaultMavenResourcesFiltering - Copying 1 resource from src\main\resources to target\classes
2025-09-20 19:28:47,345 [Worker-9: Building] INFO  o.a.m.s.f.DefaultMavenResourcesFiltering - Copying 0 resource from src\main\resources to target\classes
2025-09-20 19:28:47,356 [Worker-9: Building] INFO  o.a.m.s.f.DefaultMavenResourcesFiltering - skip non existing resourceDirectory C:\Users\dumpa\OneDrive\Desktop\PROJECTS\feedback\JFSD_BackendDeployment-main\JFSD_BackendDeployment-main\course_service\src\test\resources
2025-09-20 19:28:47,357 [Worker-9: Building] INFO  o.e.m.w.i.f.ResourceFilteringBuildParticipant - Changed resources require a complete clean of filtered resources of course_service
2025-09-20 19:28:47,357 [Worker-9: Building] INFO  o.e.m.w.i.f.ResourceFilteringBuildParticipant - Executing resource filtering for course_service
2025-09-20 19:28:48,064 [Worker-9: Building] INFO  o.a.m.s.f.DefaultMavenResourcesFiltering - Copying 1 resource from src\main\resources to target\classes
2025-09-20 19:28:48,130 [Worker-9: Building] INFO  o.a.m.s.f.DefaultMavenResourcesFiltering - Copying 0 resource from src\main\resources to target\classes
2025-09-20 19:28:48,141 [Worker-9: Building] INFO  o.a.m.s.f.DefaultMavenResourcesFiltering - skip non existing resourceDirectory C:\Users\dumpa\OneDrive\Desktop\PROJECTS\feedback\JFSD_BackendDeployment-main\JFSD_BackendDeployment-main\faculty_service\src\test\resources
2025-09-20 19:28:48,141 [Worker-9: Building] INFO  o.e.m.w.i.f.ResourceFilteringBuildParticipant - Changed resources require a complete clean of filtered resources of faculty_service
2025-09-20 19:28:48,141 [Worker-9: Building] INFO  o.e.m.w.i.f.ResourceFilteringBuildParticipant - Executing resource filtering for faculty_service
2025-09-20 19:28:48,662 [Worker-9: Building] INFO  o.a.m.s.f.DefaultMavenResourcesFiltering - Copying 1 resource from src\main\resources to target\classes
2025-09-20 19:28:48,748 [Worker-9: Building] INFO  o.a.m.s.f.DefaultMavenResourcesFiltering - Copying 0 resource from src\main\resources to target\classes
2025-09-20 19:28:48,762 [Worker-9: Building] INFO  o.a.m.s.f.DefaultMavenResourcesFiltering - skip non existing resourceDirectory C:\Users\dumpa\OneDrive\Desktop\PROJECTS\feedback\JFSD_BackendDeployment-main\JFSD_BackendDeployment-main\student_service\src\test\resources
2025-09-20 19:28:49,840 [Worker-9: Building] INFO  o.a.m.s.f.DefaultMavenResourcesFiltering - Copying 1 resource from src\main\resources to target\classes
2025-09-20 19:28:49,885 [Worker-9: Building] INFO  o.a.m.s.f.DefaultMavenResourcesFiltering - Copying 0 resource from src\main\resources to target\classes
2025-09-20 19:28:49,897 [Worker-9: Building] INFO  o.a.m.s.f.DefaultMavenResourcesFiltering - skip non existing resourceDirectory C:\Users\dumpa\OneDrive\Desktop\PROJECTS\feedback\JFSD_BackendDeployment-main\JFSD_BackendDeployment-main\sf_feedback_service\src\test\resources
2025-09-20 19:28:49,898 [Worker-9: Building] INFO  o.e.m.w.i.f.ResourceFilteringBuildParticipant - Changed resources require a complete clean of filtered resources of sf_feedback_service
2025-09-20 19:28:49,898 [Worker-9: Building] INFO  o.e.m.w.i.f.ResourceFilteringBuildParticipant - Executing resource filtering for sf_feedback_service
2025-09-20 19:28:50,303 [Worker-9: Building] INFO  o.a.m.s.f.DefaultMavenResourcesFiltering - Copying 1 resource from src\main\resources to target\classes
2025-09-20 19:28:50,351 [Worker-9: Building] INFO  o.a.m.s.f.DefaultMavenResourcesFiltering - Copying 0 resource from src\main\resources to target\classes
2025-09-20 19:28:50,361 [Worker-9: Building] INFO  o.a.m.s.f.DefaultMavenResourcesFiltering - skip non existing resourceDirectory C:\Users\dumpa\OneDrive\Desktop\PROJECTS\feedback\JFSD_BackendDeployment-main\JFSD_BackendDeployment-main\sc_feedback_service\src\test\resources
2025-09-20 19:28:50,362 [Worker-9: Building] INFO  o.e.m.w.i.f.ResourceFilteringBuildParticipant - Changed resources require a complete clean of filtered resources of sc_feedback_service
2025-09-20 19:28:50,363 [Worker-9: Building] INFO  o.e.m.w.i.f.ResourceFilteringBuildParticipant - Executing resource filtering for sc_feedback_service
2025-09-20 19:29:53,177 [Worker-11: Building] INFO  o.a.m.s.f.DefaultMavenResourcesFiltering - Copying 1 resource from src\main\resources to target\classes
2025-09-20 19:29:53,188 [Worker-11: Building] INFO  o.a.m.s.f.DefaultMavenResourcesFiltering - Copying 0 resource from src\main\resources to target\classes
2025-09-20 19:29:53,192 [Worker-11: Building] INFO  o.a.m.s.f.DefaultMavenResourcesFiltering - skip non existing resourceDirectory C:\Users\dumpa\OneDrive\Desktop\PROJECTS\feedback\JFSD_BackendDeployment-main\JFSD_BackendDeployment-main\admin_service\src\test\resources
2025-09-20 19:30:30,927 [Worker-9: Building] INFO  o.a.m.s.f.DefaultMavenResourcesFiltering - Copying 1 resource from src\main\resources to target\classes
2025-09-20 19:30:30,951 [Worker-9: Building] INFO  o.a.m.s.f.DefaultMavenResourcesFiltering - Copying 0 resource from src\main\resources to target\classes
2025-09-20 19:30:30,956 [Worker-9: Building] INFO  o.a.m.s.f.DefaultMavenResourcesFiltering - skip non existing resourceDirectory C:\Users\dumpa\OneDrive\Desktop\PROJECTS\feedback\JFSD_BackendDeployment-main\JFSD_BackendDeployment-main\course_service\src\test\resources
2025-09-20 19:31:49,658 [Worker-12: Building] INFO  o.a.m.s.f.DefaultMavenResourcesFiltering - Copying 1 resource from src\main\resources to target\classes
2025-09-20 19:31:49,674 [Worker-12: Building] INFO  o.a.m.s.f.DefaultMavenResourcesFiltering - Copying 0 resource from src\main\resources to target\classes
2025-09-20 19:31:49,681 [Worker-12: Building] INFO  o.a.m.s.f.DefaultMavenResourcesFiltering - skip non existing resourceDirectory C:\Users\dumpa\OneDrive\Desktop\PROJECTS\feedback\JFSD_BackendDeployment-main\JFSD_BackendDeployment-main\faculty_service\src\test\resources
2025-09-20 19:32:27,890 [Worker-3: Building] INFO  o.a.m.s.f.DefaultMavenResourcesFiltering - Copying 1 resource from src\main\resources to target\classes
2025-09-20 19:32:27,900 [Worker-3: Building] INFO  o.a.m.s.f.DefaultMavenResourcesFiltering - Copying 0 resource from src\main\resources to target\classes
2025-09-20 19:32:27,906 [Worker-3: Building] INFO  o.a.m.s.f.DefaultMavenResourcesFiltering - skip non existing resourceDirectory C:\Users\dumpa\OneDrive\Desktop\PROJECTS\feedback\JFSD_BackendDeployment-main\JFSD_BackendDeployment-main\sc_feedback_service\src\test\resources
2025-09-20 19:32:42,608 [Worker-6: Launching sc_feedback_service - ScFeedbackServiceApplication] INFO  o.e.m.c.i.p.WorkspaceClassifierResolverManager - Resolving P/student_service: klef.sdp:student_service:0.0.1-SNAPSHOT with classifier null to /student_service/target/classes
2025-09-20 19:32:42,611 [Worker-6: Launching sc_feedback_service - ScFeedbackServiceApplication] INFO  o.e.m.c.i.p.WorkspaceClassifierResolverManager - Resolving P/course_service: klef.sdp:course_service:0.0.1-SNAPSHOT with classifier null to /course_service/target/classes
2025-09-20 19:32:42,796 [Worker-6: Launching sc_feedback_service - ScFeedbackServiceApplication] INFO  o.e.m.c.i.p.WorkspaceClassifierResolverManager - Resolving P/student_service: klef.sdp:student_service:0.0.1-SNAPSHOT with classifier null to /student_service/target/classes
2025-09-20 19:32:42,797 [Worker-6: Launching sc_feedback_service - ScFeedbackServiceApplication] INFO  o.e.m.c.i.p.WorkspaceClassifierResolverManager - Resolving P/course_service: klef.sdp:course_service:0.0.1-SNAPSHOT with classifier null to /course_service/target/classes
2025-09-20 19:32:42,971 [Worker-6: Launching sc_feedback_service - ScFeedbackServiceApplication] INFO  o.e.m.c.i.p.WorkspaceClassifierResolverManager - Resolving P/student_service: klef.sdp:student_service:0.0.1-SNAPSHOT with classifier null to /student_service/target/classes
2025-09-20 19:32:42,972 [Worker-6: Launching sc_feedback_service - ScFeedbackServiceApplication] INFO  o.e.m.c.i.p.WorkspaceClassifierResolverManager - Resolving P/course_service: klef.sdp:course_service:0.0.1-SNAPSHOT with classifier null to /course_service/target/classes
2025-09-20 19:33:20,637 [Worker-4: Building] INFO  o.a.m.s.f.DefaultMavenResourcesFiltering - Copying 1 resource from src\main\resources to target\classes
2025-09-20 19:33:20,646 [Worker-4: Building] INFO  o.a.m.s.f.DefaultMavenResourcesFiltering - Copying 0 resource from src\main\resources to target\classes
2025-09-20 19:33:20,651 [Worker-4: Building] INFO  o.a.m.s.f.DefaultMavenResourcesFiltering - skip non existing resourceDirectory C:\Users\dumpa\OneDrive\Desktop\PROJECTS\feedback\JFSD_BackendDeployment-main\JFSD_BackendDeployment-main\sf_feedback_service\src\test\resources
2025-09-20 19:33:32,295 [Worker-0: Launching sf_feedback_service - SfFeedbackServiceApplication] INFO  o.e.m.c.i.p.WorkspaceClassifierResolverManager - Resolving P/student_service: klef.sdp:student_service:0.0.1-SNAPSHOT with classifier null to /student_service/target/classes
2025-09-20 19:33:32,297 [Worker-0: Launching sf_feedback_service - SfFeedbackServiceApplication] INFO  o.e.m.c.i.p.WorkspaceClassifierResolverManager - Resolving P/faculty_service: klef.sdp:faculty_service:0.0.1-SNAPSHOT with classifier null to /faculty_service/target/classes
2025-09-20 19:33:32,490 [Worker-0: Launching sf_feedback_service - SfFeedbackServiceApplication] INFO  o.e.m.c.i.p.WorkspaceClassifierResolverManager - Resolving P/student_service: klef.sdp:student_service:0.0.1-SNAPSHOT with classifier null to /student_service/target/classes
2025-09-20 19:33:32,491 [Worker-0: Launching sf_feedback_service - SfFeedbackServiceApplication] INFO  o.e.m.c.i.p.WorkspaceClassifierResolverManager - Resolving P/faculty_service: klef.sdp:faculty_service:0.0.1-SNAPSHOT with classifier null to /faculty_service/target/classes
2025-09-20 19:33:32,672 [Worker-0: Launching sf_feedback_service - SfFeedbackServiceApplication] INFO  o.e.m.c.i.p.WorkspaceClassifierResolverManager - Resolving P/student_service: klef.sdp:student_service:0.0.1-SNAPSHOT with classifier null to /student_service/target/classes
2025-09-20 19:33:32,673 [Worker-0: Launching sf_feedback_service - SfFeedbackServiceApplication] INFO  o.e.m.c.i.p.WorkspaceClassifierResolverManager - Resolving P/faculty_service: klef.sdp:faculty_service:0.0.1-SNAPSHOT with classifier null to /faculty_service/target/classes
2025-09-20 19:34:14,325 [Worker-7: Building] INFO  o.a.m.s.f.DefaultMavenResourcesFiltering - Copying 1 resource from src\main\resources to target\classes
2025-09-20 19:34:14,353 [Worker-7: Building] INFO  o.a.m.s.f.DefaultMavenResourcesFiltering - Copying 0 resource from src\main\resources to target\classes
2025-09-20 19:34:14,366 [Worker-7: Building] INFO  o.a.m.s.f.DefaultMavenResourcesFiltering - skip non existing resourceDirectory C:\Users\dumpa\OneDrive\Desktop\PROJECTS\feedback\JFSD_BackendDeployment-main\JFSD_BackendDeployment-main\student_service\src\test\resources
2025-09-20 19:36:44,639 [Worker-1: Building] INFO  o.a.m.s.f.DefaultMavenResourcesFiltering - Copying 1 resource from src\main\resources to target\classes
2025-09-20 19:36:44,656 [Worker-1: Building] INFO  o.a.m.s.f.DefaultMavenResourcesFiltering - Copying 0 resource from src\main\resources to target\classes
2025-09-20 19:36:44,661 [Worker-1: Building] INFO  o.a.m.s.f.DefaultMavenResourcesFiltering - skip non existing resourceDirectory C:\Users\dumpa\OneDrive\Desktop\PROJECTS\feedback\JFSD_BackendDeployment-main\JFSD_BackendDeployment-main\student_service\src\test\resources
2025-09-20 19:37:24,822 [Worker-10: Building] INFO  o.a.m.s.f.DefaultMavenResourcesFiltering - Copying 1 resource from src\main\resources to target\classes
2025-09-20 19:37:24,835 [Worker-10: Building] INFO  o.a.m.s.f.DefaultMavenResourcesFiltering - Copying 0 resource from src\main\resources to target\classes
2025-09-20 19:37:24,840 [Worker-10: Building] INFO  o.a.m.s.f.DefaultMavenResourcesFiltering - skip non existing resourceDirectory C:\Users\dumpa\OneDrive\Desktop\PROJECTS\feedback\JFSD_BackendDeployment-main\JFSD_BackendDeployment-main\sf_feedback_service\src\test\resources
2025-09-20 19:37:33,554 [Worker-2: Building] INFO  o.a.m.s.f.DefaultMavenResourcesFiltering - Copying 1 resource from src\main\resources to target\classes
2025-09-20 19:37:33,579 [Worker-2: Building] INFO  o.a.m.s.f.DefaultMavenResourcesFiltering - Copying 0 resource from src\main\resources to target\classes
2025-09-20 19:37:33,584 [Worker-2: Building] INFO  o.a.m.s.f.DefaultMavenResourcesFiltering - skip non existing resourceDirectory C:\Users\dumpa\OneDrive\Desktop\PROJECTS\feedback\JFSD_BackendDeployment-main\JFSD_BackendDeployment-main\sc_feedback_service\src\test\resources
2025-09-20 19:37:42,004 [Worker-9: Building] INFO  o.a.m.s.f.DefaultMavenResourcesFiltering - Copying 1 resource from src\main\resources to target\classes
2025-09-20 19:37:42,040 [Worker-9: Building] INFO  o.a.m.s.f.DefaultMavenResourcesFiltering - Copying 0 resource from src\main\resources to target\classes
2025-09-20 19:37:42,045 [Worker-9: Building] INFO  o.a.m.s.f.DefaultMavenResourcesFiltering - skip non existing resourceDirectory C:\Users\dumpa\OneDrive\Desktop\PROJECTS\feedback\JFSD_BackendDeployment-main\JFSD_BackendDeployment-main\faculty_service\src\test\resources
2025-09-20 19:37:49,654 [Worker-3: Building] INFO  o.a.m.s.f.DefaultMavenResourcesFiltering - Copying 1 resource from src\main\resources to target\classes
2025-09-20 19:37:49,680 [Worker-3: Building] INFO  o.a.m.s.f.DefaultMavenResourcesFiltering - Copying 0 resource from src\main\resources to target\classes
2025-09-20 19:37:49,685 [Worker-3: Building] INFO  o.a.m.s.f.DefaultMavenResourcesFiltering - skip non existing resourceDirectory C:\Users\dumpa\OneDrive\Desktop\PROJECTS\feedback\JFSD_BackendDeployment-main\JFSD_BackendDeployment-main\course_service\src\test\resources
2025-09-20 19:37:56,415 [Worker-0: Building] INFO  o.a.m.s.f.DefaultMavenResourcesFiltering - Copying 1 resource from src\main\resources to target\classes
2025-09-20 19:37:56,443 [Worker-0: Building] INFO  o.a.m.s.f.DefaultMavenResourcesFiltering - Copying 0 resource from src\main\resources to target\classes
2025-09-20 19:37:56,448 [Worker-0: Building] INFO  o.a.m.s.f.DefaultMavenResourcesFiltering - skip non existing resourceDirectory C:\Users\dumpa\OneDrive\Desktop\PROJECTS\feedback\JFSD_BackendDeployment-main\JFSD_BackendDeployment-main\admin_service\src\test\resources
2025-09-20 19:38:42,018 [Worker-8: Launching sc_feedback_service - ScFeedbackServiceApplication] INFO  o.e.m.c.i.p.WorkspaceClassifierResolverManager - Resolving P/student_service: klef.sdp:student_service:0.0.1-SNAPSHOT with classifier null to /student_service/target/classes
2025-09-20 19:38:42,020 [Worker-8: Launching sc_feedback_service - ScFeedbackServiceApplication] INFO  o.e.m.c.i.p.WorkspaceClassifierResolverManager - Resolving P/course_service: klef.sdp:course_service:0.0.1-SNAPSHOT with classifier null to /course_service/target/classes
2025-09-20 19:38:42,257 [Worker-8: Launching sc_feedback_service - ScFeedbackServiceApplication] INFO  o.e.m.c.i.p.WorkspaceClassifierResolverManager - Resolving P/student_service: klef.sdp:student_service:0.0.1-SNAPSHOT with classifier null to /student_service/target/classes
2025-09-20 19:38:42,259 [Worker-8: Launching sc_feedback_service - ScFeedbackServiceApplication] INFO  o.e.m.c.i.p.WorkspaceClassifierResolverManager - Resolving P/course_service: klef.sdp:course_service:0.0.1-SNAPSHOT with classifier null to /course_service/target/classes
2025-09-20 19:38:42,502 [Worker-8: Launching sc_feedback_service - ScFeedbackServiceApplication] INFO  o.e.m.c.i.p.WorkspaceClassifierResolverManager - Resolving P/student_service: klef.sdp:student_service:0.0.1-SNAPSHOT with classifier null to /student_service/target/classes
2025-09-20 19:38:42,504 [Worker-8: Launching sc_feedback_service - ScFeedbackServiceApplication] INFO  o.e.m.c.i.p.WorkspaceClassifierResolverManager - Resolving P/course_service: klef.sdp:course_service:0.0.1-SNAPSHOT with classifier null to /course_service/target/classes
2025-09-20 19:38:44,366 [Worker-15: Launching sf_feedback_service - SfFeedbackServiceApplication] INFO  o.e.m.c.i.p.WorkspaceClassifierResolverManager - Resolving P/student_service: klef.sdp:student_service:0.0.1-SNAPSHOT with classifier null to /student_service/target/classes
2025-09-20 19:38:44,367 [Worker-15: Launching sf_feedback_service - SfFeedbackServiceApplication] INFO  o.e.m.c.i.p.WorkspaceClassifierResolverManager - Resolving P/faculty_service: klef.sdp:faculty_service:0.0.1-SNAPSHOT with classifier null to /faculty_service/target/classes
2025-09-20 19:38:44,586 [Worker-15: Launching sf_feedback_service - SfFeedbackServiceApplication] INFO  o.e.m.c.i.p.WorkspaceClassifierResolverManager - Resolving P/student_service: klef.sdp:student_service:0.0.1-SNAPSHOT with classifier null to /student_service/target/classes
2025-09-20 19:38:44,588 [Worker-15: Launching sf_feedback_service - SfFeedbackServiceApplication] INFO  o.e.m.c.i.p.WorkspaceClassifierResolverManager - Resolving P/faculty_service: klef.sdp:faculty_service:0.0.1-SNAPSHOT with classifier null to /faculty_service/target/classes
2025-09-20 19:38:44,799 [Worker-15: Launching sf_feedback_service - SfFeedbackServiceApplication] INFO  o.e.m.c.i.p.WorkspaceClassifierResolverManager - Resolving P/student_service: klef.sdp:student_service:0.0.1-SNAPSHOT with classifier null to /student_service/target/classes
2025-09-20 19:38:44,800 [Worker-15: Launching sf_feedback_service - SfFeedbackServiceApplication] INFO  o.e.m.c.i.p.WorkspaceClassifierResolverManager - Resolving P/faculty_service: klef.sdp:faculty_service:0.0.1-SNAPSHOT with classifier null to /faculty_service/target/classes
2025-09-21 08:17:44,553 [Worker-7: Loading available Gradle versions] INFO  o.e.b.c.i.u.g.PublishedGradleVersions - Gradle version information cache is up-to-date. Trying to read.
2025-09-21 08:21:28,391 [Worker-6: Launching sc_feedback_service - ScFeedbackServiceApplication] INFO  o.e.m.c.i.p.WorkspaceClassifierResolverManager - Resolving P/student_service: klef.sdp:student_service:0.0.1-SNAPSHOT with classifier  to /student_service/target/classes
2025-09-21 08:21:28,395 [Worker-6: Launching sc_feedback_service - ScFeedbackServiceApplication] INFO  o.e.m.c.i.p.WorkspaceClassifierResolverManager - Resolving P/course_service: klef.sdp:course_service:0.0.1-SNAPSHOT with classifier  to /course_service/target/classes
2025-09-21 08:21:28,766 [Worker-6: Launching sc_feedback_service - ScFeedbackServiceApplication] INFO  o.e.m.c.i.p.WorkspaceClassifierResolverManager - Resolving P/student_service: klef.sdp:student_service:0.0.1-SNAPSHOT with classifier null to /student_service/target/classes
2025-09-21 08:21:28,769 [Worker-6: Launching sc_feedback_service - ScFeedbackServiceApplication] INFO  o.e.m.c.i.p.WorkspaceClassifierResolverManager - Resolving P/course_service: klef.sdp:course_service:0.0.1-SNAPSHOT with classifier null to /course_service/target/classes
2025-09-21 08:21:29,093 [Worker-6: Launching sc_feedback_service - ScFeedbackServiceApplication] INFO  o.e.m.c.i.p.WorkspaceClassifierResolverManager - Resolving P/student_service: klef.sdp:student_service:0.0.1-SNAPSHOT with classifier null to /student_service/target/classes
2025-09-21 08:21:29,096 [Worker-6: Launching sc_feedback_service - ScFeedbackServiceApplication] INFO  o.e.m.c.i.p.WorkspaceClassifierResolverManager - Resolving P/course_service: klef.sdp:course_service:0.0.1-SNAPSHOT with classifier null to /course_service/target/classes
2025-09-21 08:21:29,334 [Worker-6: Launching sc_feedback_service - ScFeedbackServiceApplication] INFO  o.e.m.c.i.p.WorkspaceClassifierResolverManager - Resolving P/student_service: klef.sdp:student_service:0.0.1-SNAPSHOT with classifier null to /student_service/target/classes
2025-09-21 08:21:29,336 [Worker-6: Launching sc_feedback_service - ScFeedbackServiceApplication] INFO  o.e.m.c.i.p.WorkspaceClassifierResolverManager - Resolving P/course_service: klef.sdp:course_service:0.0.1-SNAPSHOT with classifier null to /course_service/target/classes
2025-09-21 08:21:30,105 [Worker-5: Launching sf_feedback_service - SfFeedbackServiceApplication] INFO  o.e.m.c.i.p.WorkspaceClassifierResolverManager - Resolving P/student_service: klef.sdp:student_service:0.0.1-SNAPSHOT with classifier  to /student_service/target/classes
2025-09-21 08:21:30,105 [Worker-5: Launching sf_feedback_service - SfFeedbackServiceApplication] INFO  o.e.m.c.i.p.WorkspaceClassifierResolverManager - Resolving P/faculty_service: klef.sdp:faculty_service:0.0.1-SNAPSHOT with classifier  to /faculty_service/target/classes
2025-09-21 08:21:30,396 [Worker-5: Launching sf_feedback_service - SfFeedbackServiceApplication] INFO  o.e.m.c.i.p.WorkspaceClassifierResolverManager - Resolving P/student_service: klef.sdp:student_service:0.0.1-SNAPSHOT with classifier null to /student_service/target/classes
2025-09-21 08:21:30,397 [Worker-5: Launching sf_feedback_service - SfFeedbackServiceApplication] INFO  o.e.m.c.i.p.WorkspaceClassifierResolverManager - Resolving P/faculty_service: klef.sdp:faculty_service:0.0.1-SNAPSHOT with classifier null to /faculty_service/target/classes
2025-09-21 08:21:30,598 [Worker-5: Launching sf_feedback_service - SfFeedbackServiceApplication] INFO  o.e.m.c.i.p.WorkspaceClassifierResolverManager - Resolving P/student_service: klef.sdp:student_service:0.0.1-SNAPSHOT with classifier null to /student_service/target/classes
2025-09-21 08:21:30,600 [Worker-5: Launching sf_feedback_service - SfFeedbackServiceApplication] INFO  o.e.m.c.i.p.WorkspaceClassifierResolverManager - Resolving P/faculty_service: klef.sdp:faculty_service:0.0.1-SNAPSHOT with classifier null to /faculty_service/target/classes
2025-09-21 08:21:30,810 [Worker-5: Launching sf_feedback_service - SfFeedbackServiceApplication] INFO  o.e.m.c.i.p.WorkspaceClassifierResolverManager - Resolving P/student_service: klef.sdp:student_service:0.0.1-SNAPSHOT with classifier null to /student_service/target/classes
2025-09-21 08:21:30,813 [Worker-5: Launching sf_feedback_service - SfFeedbackServiceApplication] INFO  o.e.m.c.i.p.WorkspaceClassifierResolverManager - Resolving P/faculty_service: klef.sdp:faculty_service:0.0.1-SNAPSHOT with classifier null to /faculty_service/target/classes
2025-09-22 10:00:40,645 [Worker-1: Loading available Gradle versions] INFO  o.e.b.c.i.u.g.PublishedGradleVersions - Gradle version information cache is out-of-date. Trying to update.
2025-09-22 10:02:10,918 [Worker-6: Launching admin_service - AdminServiceApplication] INFO  o.e.m.c.i.e.AbstractTransferListenerAdapter - Downloading https://repo.maven.apache.org/maven2/mysql/mysql-connector-java/8.0.33/mysql-connector-java-8.0.33.pom
2025-09-22 10:02:11,059 [Worker-6: Launching admin_service - AdminServiceApplication] INFO  o.e.m.c.i.e.AbstractTransferListenerAdapter - Downloaded https://repo.maven.apache.org/maven2/mysql/mysql-connector-java/8.0.33/mysql-connector-java-8.0.33.pom
2025-09-22 10:02:11,320 [Worker-6: Launching admin_service - AdminServiceApplication] INFO  o.e.m.c.i.e.AbstractTransferListenerAdapter - Downloading https://repo.maven.apache.org/maven2/org/projectlombok/lombok/1.18.36/lombok-1.18.36.pom
2025-09-22 10:02:11,401 [Worker-6: Launching admin_service - AdminServiceApplication] INFO  o.e.m.c.i.e.AbstractTransferListenerAdapter - Downloaded https://repo.maven.apache.org/maven2/org/projectlombok/lombok/1.18.36/lombok-1.18.36.pom
2025-09-22 10:02:13,428 [Worker-6: Launching admin_service - AdminServiceApplication] WARN  o.e.m.c.i.embedder.EclipseLogger - The artifact mysql:mysql-connector-java:jar:8.0.33 has been relocated to com.mysql:mysql-connector-j:jar:8.0.33: MySQL Connector/J artifacts moved to reverse-DNS compliant Maven 2+ coordinates.
2025-09-22 10:02:14,001 [Worker-6: Launching admin_service - AdminServiceApplication] INFO  o.e.m.c.i.e.AbstractTransferListenerAdapter - Downloading https://repo.maven.apache.org/maven2/org/projectlombok/lombok/1.18.36/lombok-1.18.36.jar
2025-09-22 10:02:15,676 [Worker-6: Launching admin_service - AdminServiceApplication] INFO  o.e.m.c.i.e.AbstractTransferListenerAdapter - Downloaded https://repo.maven.apache.org/maven2/org/projectlombok/lombok/1.18.36/lombok-1.18.36.jar
2025-09-22 10:02:18,507 [Worker-6: Launching admin_service - AdminServiceApplication] WARN  o.e.m.c.i.embedder.EclipseLogger - The artifact mysql:mysql-connector-java:jar:8.0.33 has been relocated to com.mysql:mysql-connector-j:jar:8.0.33: MySQL Connector/J artifacts moved to reverse-DNS compliant Maven 2+ coordinates.
2025-09-22 10:02:26,555 [Worker-2: Building] INFO  o.e.m.c.i.l.LifecycleMappingFactory - Using org.eclipse.m2e.jdt.JarLifecycleMapping lifecycle mapping for MavenProject: klef.sdp:admin_service:0.0.1-SNAPSHOT @ C:\Users\dumpa\OneDrive\Desktop\PROJECTS\feedback\JFSD_BackendDeployment-main\JFSD_BackendDeployment-main\admin_service\pom.xml.
2025-09-22 10:02:39,875 [Worker-2: Building] INFO  o.a.m.s.f.DefaultMavenResourcesFiltering - Copying 1 resource from src\main\resources to target\classes
2025-09-22 10:02:39,914 [Worker-2: Building] INFO  o.a.m.s.f.DefaultMavenResourcesFiltering - Copying 0 resource from src\main\resources to target\classes
2025-09-22 10:02:39,926 [Worker-2: Building] INFO  o.a.m.s.f.DefaultMavenResourcesFiltering - skip non existing resourceDirectory C:\Users\dumpa\OneDrive\Desktop\PROJECTS\feedback\JFSD_BackendDeployment-main\JFSD_BackendDeployment-main\admin_service\src\test\resources
2025-09-22 10:02:40,100 [Worker-9: Download sources and javadoc] INFO  o.e.m.c.i.e.AbstractTransferListenerAdapter - Downloading https://repo.maven.apache.org/maven2/org/projectlombok/lombok/1.18.36/lombok-1.18.36-sources.jar
2025-09-22 10:02:40,932 [Worker-9: Download sources and javadoc] INFO  o.e.m.c.i.e.AbstractTransferListenerAdapter - Downloaded https://repo.maven.apache.org/maven2/org/projectlombok/lombok/1.18.36/lombok-1.18.36-sources.jar
2025-09-22 10:02:40,987 [Worker-9: Download sources and javadoc] INFO  o.e.m.j.internal.DownloadSourcesJob - Downloaded sources for org.projectlombok:lombok:1.18.36
2025-09-22 10:02:41,505 [Worker-1: Updating Maven Project] INFO  o.e.m.c.i.p.ProjectConfigurationManager - Update started
2025-09-22 10:02:43,582 [Worker-1: Updating Maven Project] INFO  o.e.m.c.i.l.LifecycleMappingFactory - Using org.eclipse.m2e.jdt.JarLifecycleMapping lifecycle mapping for MavenProject: klef.sdp:admin_service:0.0.1-SNAPSHOT @ C:\Users\dumpa\OneDrive\Desktop\PROJECTS\feedback\JFSD_BackendDeployment-main\JFSD_BackendDeployment-main\admin_service\pom.xml.
2025-09-22 10:02:45,605 [Worker-1: Updating Maven Project] INFO  o.e.m.j.i.AbstractJavaProjectConfigurator - Adding source folder /admin_service/src/main/java
2025-09-22 10:02:45,609 [Worker-1: Updating Maven Project] INFO  o.e.m.j.i.AbstractJavaProjectConfigurator - Adding resource folder /admin_service/src/main/resources
2025-09-22 10:02:45,611 [Worker-1: Updating Maven Project] INFO  o.e.m.j.i.AbstractJavaProjectConfigurator - Adding resource folder /admin_service/src/main/resources
2025-09-22 10:02:45,611 [Worker-1: Updating Maven Project] INFO  o.e.m.j.i.AbstractJavaProjectConfigurator - Adding source folder /admin_service/src/test/java
2025-09-22 10:02:45,611 [Worker-1: Updating Maven Project] INFO  o.e.m.j.i.AbstractJavaProjectConfigurator - Adding resource folder /admin_service/src/test/resources
2025-09-22 10:02:46,461 [Worker-1: Updating Maven Project] INFO  o.e.m.c.i.p.ProjectConfigurationManager - Update completed for 1 poms: local refresh takes 0.00 sec, refresh facades takes 3.00 sec, update config takes 0.00 sec 
2025-09-22 10:02:48,945 [Worker-13: Building] INFO  o.a.m.s.f.DefaultMavenResourcesFiltering - Copying 1 resource from src\main\resources to target\classes
2025-09-22 10:02:48,979 [Worker-13: Building] INFO  o.a.m.s.f.DefaultMavenResourcesFiltering - Copying 0 resource from src\main\resources to target\classes
2025-09-22 10:02:48,995 [Worker-13: Building] INFO  o.a.m.s.f.DefaultMavenResourcesFiltering - skip non existing resourceDirectory C:\Users\dumpa\OneDrive\Desktop\PROJECTS\feedback\JFSD_BackendDeployment-main\JFSD_BackendDeployment-main\admin_service\src\test\resources
2025-09-22 10:03:45,876 [Worker-12: Launching course_service - CourseServiceApplication] WARN  o.e.m.c.i.embedder.EclipseLogger - The artifact mysql:mysql-connector-java:jar:8.0.33 has been relocated to com.mysql:mysql-connector-j:jar:8.0.33: MySQL Connector/J artifacts moved to reverse-DNS compliant Maven 2+ coordinates.
2025-09-22 10:03:47,354 [Worker-12: Launching course_service - CourseServiceApplication] WARN  o.e.m.c.i.embedder.EclipseLogger - The artifact mysql:mysql-connector-java:jar:8.0.33 has been relocated to com.mysql:mysql-connector-j:jar:8.0.33: MySQL Connector/J artifacts moved to reverse-DNS compliant Maven 2+ coordinates.
2025-09-22 10:03:47,755 [Worker-5: Building] INFO  o.e.m.c.i.l.LifecycleMappingFactory - Using org.eclipse.m2e.jdt.JarLifecycleMapping lifecycle mapping for MavenProject: klef.sdp:course_service:0.0.1-SNAPSHOT @ C:\Users\dumpa\OneDrive\Desktop\PROJECTS\feedback\JFSD_BackendDeployment-main\JFSD_BackendDeployment-main\course_service\pom.xml.
2025-09-22 10:03:49,043 [Worker-5: Building] INFO  o.a.m.s.f.DefaultMavenResourcesFiltering - Copying 1 resource from src\main\resources to target\classes
2025-09-22 10:03:49,087 [Worker-5: Building] INFO  o.a.m.s.f.DefaultMavenResourcesFiltering - Copying 0 resource from src\main\resources to target\classes
2025-09-22 10:03:49,099 [Worker-5: Building] INFO  o.a.m.s.f.DefaultMavenResourcesFiltering - skip non existing resourceDirectory C:\Users\dumpa\OneDrive\Desktop\PROJECTS\feedback\JFSD_BackendDeployment-main\JFSD_BackendDeployment-main\course_service\src\test\resources
2025-09-22 10:03:49,451 [Worker-11: Updating Maven Project] INFO  o.e.m.c.i.p.ProjectConfigurationManager - Update started
2025-09-22 10:03:50,537 [Worker-11: Updating Maven Project] INFO  o.e.m.c.i.l.LifecycleMappingFactory - Using org.eclipse.m2e.jdt.JarLifecycleMapping lifecycle mapping for MavenProject: klef.sdp:course_service:0.0.1-SNAPSHOT @ C:\Users\dumpa\OneDrive\Desktop\PROJECTS\feedback\JFSD_BackendDeployment-main\JFSD_BackendDeployment-main\course_service\pom.xml.
2025-09-22 10:03:51,590 [Worker-11: Updating Maven Project] INFO  o.e.m.j.i.AbstractJavaProjectConfigurator - Adding source folder /course_service/src/main/java
2025-09-22 10:03:51,592 [Worker-11: Updating Maven Project] INFO  o.e.m.j.i.AbstractJavaProjectConfigurator - Adding resource folder /course_service/src/main/resources
2025-09-22 10:03:51,594 [Worker-11: Updating Maven Project] INFO  o.e.m.j.i.AbstractJavaProjectConfigurator - Adding resource folder /course_service/src/main/resources
2025-09-22 10:03:51,595 [Worker-11: Updating Maven Project] INFO  o.e.m.j.i.AbstractJavaProjectConfigurator - Adding source folder /course_service/src/test/java
2025-09-22 10:03:51,598 [Worker-11: Updating Maven Project] INFO  o.e.m.j.i.AbstractJavaProjectConfigurator - Adding resource folder /course_service/src/test/resources
2025-09-22 10:03:52,352 [Worker-11: Updating Maven Project] INFO  o.e.m.c.i.p.ProjectConfigurationManager - Update completed for 1 poms: local refresh takes 0.00 sec, refresh facades takes 2.00 sec, update config takes 0.00 sec 
2025-09-22 10:03:53,272 [Worker-4: Building] INFO  o.a.m.s.f.DefaultMavenResourcesFiltering - Copying 1 resource from src\main\resources to target\classes
2025-09-22 10:03:53,297 [Worker-4: Building] INFO  o.a.m.s.f.DefaultMavenResourcesFiltering - Copying 0 resource from src\main\resources to target\classes
2025-09-22 10:03:53,312 [Worker-4: Building] INFO  o.a.m.s.f.DefaultMavenResourcesFiltering - skip non existing resourceDirectory C:\Users\dumpa\OneDrive\Desktop\PROJECTS\feedback\JFSD_BackendDeployment-main\JFSD_BackendDeployment-main\course_service\src\test\resources
2025-09-22 10:04:20,737 [Worker-8: Launching faculty_service - FacultyServiceApplication] WARN  o.e.m.c.i.embedder.EclipseLogger - The artifact mysql:mysql-connector-java:jar:8.0.33 has been relocated to com.mysql:mysql-connector-j:jar:8.0.33: MySQL Connector/J artifacts moved to reverse-DNS compliant Maven 2+ coordinates.
2025-09-22 10:04:22,275 [Worker-8: Launching faculty_service - FacultyServiceApplication] WARN  o.e.m.c.i.embedder.EclipseLogger - The artifact mysql:mysql-connector-java:jar:8.0.33 has been relocated to com.mysql:mysql-connector-j:jar:8.0.33: MySQL Connector/J artifacts moved to reverse-DNS compliant Maven 2+ coordinates.
2025-09-22 10:04:22,769 [Worker-9: Building] INFO  o.e.m.c.i.l.LifecycleMappingFactory - Using org.eclipse.m2e.jdt.JarLifecycleMapping lifecycle mapping for MavenProject: klef.sdp:faculty_service:0.0.1-SNAPSHOT @ C:\Users\dumpa\OneDrive\Desktop\PROJECTS\feedback\JFSD_BackendDeployment-main\JFSD_BackendDeployment-main\faculty_service\pom.xml.
2025-09-22 10:04:24,146 [Worker-9: Building] INFO  o.a.m.s.f.DefaultMavenResourcesFiltering - Copying 1 resource from src\main\resources to target\classes
2025-09-22 10:04:24,196 [Worker-9: Building] INFO  o.a.m.s.f.DefaultMavenResourcesFiltering - Copying 0 resource from src\main\resources to target\classes
2025-09-22 10:04:24,207 [Worker-9: Building] INFO  o.a.m.s.f.DefaultMavenResourcesFiltering - skip non existing resourceDirectory C:\Users\dumpa\OneDrive\Desktop\PROJECTS\feedback\JFSD_BackendDeployment-main\JFSD_BackendDeployment-main\faculty_service\src\test\resources
2025-09-22 10:04:24,571 [Worker-8: Updating Maven Project] INFO  o.e.m.c.i.p.ProjectConfigurationManager - Update started
2025-09-22 10:04:25,538 [Worker-8: Updating Maven Project] INFO  o.e.m.c.i.l.LifecycleMappingFactory - Using org.eclipse.m2e.jdt.JarLifecycleMapping lifecycle mapping for MavenProject: klef.sdp:faculty_service:0.0.1-SNAPSHOT @ C:\Users\dumpa\OneDrive\Desktop\PROJECTS\feedback\JFSD_BackendDeployment-main\JFSD_BackendDeployment-main\faculty_service\pom.xml.
2025-09-22 10:04:26,516 [Worker-8: Updating Maven Project] INFO  o.e.m.j.i.AbstractJavaProjectConfigurator - Adding source folder /faculty_service/src/main/java
2025-09-22 10:04:26,518 [Worker-8: Updating Maven Project] INFO  o.e.m.j.i.AbstractJavaProjectConfigurator - Adding resource folder /faculty_service/src/main/resources
2025-09-22 10:04:26,519 [Worker-8: Updating Maven Project] INFO  o.e.m.j.i.AbstractJavaProjectConfigurator - Adding resource folder /faculty_service/src/main/resources
2025-09-22 10:04:26,520 [Worker-8: Updating Maven Project] INFO  o.e.m.j.i.AbstractJavaProjectConfigurator - Adding source folder /faculty_service/src/test/java
2025-09-22 10:04:26,521 [Worker-8: Updating Maven Project] INFO  o.e.m.j.i.AbstractJavaProjectConfigurator - Adding resource folder /faculty_service/src/test/resources
2025-09-22 10:04:27,315 [Worker-8: Updating Maven Project] INFO  o.e.m.c.i.p.ProjectConfigurationManager - Update completed for 1 poms: local refresh takes 0.00 sec, refresh facades takes 1.00 sec, update config takes 0.00 sec 
2025-09-22 10:04:27,889 [Worker-11: Launching faculty_service - FacultyServiceApplication] INFO  o.a.m.s.f.DefaultMavenResourcesFiltering - Copying 1 resource from src\main\resources to target\classes
2025-09-22 10:04:27,920 [Worker-11: Launching faculty_service - FacultyServiceApplication] INFO  o.a.m.s.f.DefaultMavenResourcesFiltering - Copying 0 resource from src\main\resources to target\classes
2025-09-22 10:04:27,930 [Worker-11: Launching faculty_service - FacultyServiceApplication] INFO  o.a.m.s.f.DefaultMavenResourcesFiltering - skip non existing resourceDirectory C:\Users\dumpa\OneDrive\Desktop\PROJECTS\feedback\JFSD_BackendDeployment-main\JFSD_BackendDeployment-main\faculty_service\src\test\resources
2025-09-22 10:04:49,390 [Worker-9: Launching student_service - StudentServiceApplication] WARN  o.e.m.c.i.embedder.EclipseLogger - The artifact mysql:mysql-connector-java:jar:8.0.33 has been relocated to com.mysql:mysql-connector-j:jar:8.0.33: MySQL Connector/J artifacts moved to reverse-DNS compliant Maven 2+ coordinates.
